-------------------------------------------------------------------------------
Test set: com.aline.accountmicroservice.service.AccountServiceTest
-------------------------------------------------------------------------------
Tests run: 2, Failures: 0, Errors: 2, Skipped: 0, Time elapsed: 12.621 s <<< FAILURE! - in com.aline.accountmicroservice.service.AccountServiceTest
test_getAccountById_returns_the_correctAccount  Time elapsed: 0.002 s  <<< ERROR!
java.lang.IllegalStateException: Failed to load ApplicationContext
Caused by: org.springframework.beans.factory.BeanCreationException: 
Error creating bean with name 'entityManagerFactory' defined in class path resource [org/springframework/boot/autoconfigure/orm/jpa/HibernateJpaConfiguration.class]: Initialization of bean failed; nested exception is org.springframework.jdbc.datasource.init.ScriptStatementFailedException: Failed to execute SQL script statement #3 of URL [file:/home/colton_c/aline/aline-account-microservice/core/target/classes/data.sql]: INSERT IGNORE INTO merchant (code, name) VALUES ('ALINE', 'Aline Financial'); nested exception is org.h2.jdbc.JdbcSQLSyntaxErrorException: Table "MERCHANT" not found; SQL statement:
INSERT IGNORE INTO merchant (code, name) VALUES ('ALINE', 'Aline Financial') [42102-200]
Caused by: org.springframework.jdbc.datasource.init.ScriptStatementFailedException: 
Failed to execute SQL script statement #3 of URL [file:/home/colton_c/aline/aline-account-microservice/core/target/classes/data.sql]: INSERT IGNORE INTO merchant (code, name) VALUES ('ALINE', 'Aline Financial'); nested exception is org.h2.jdbc.JdbcSQLSyntaxErrorException: Table "MERCHANT" not found; SQL statement:
INSERT IGNORE INTO merchant (code, name) VALUES ('ALINE', 'Aline Financial') [42102-200]
Caused by: org.h2.jdbc.JdbcSQLSyntaxErrorException: 
Table "MERCHANT" not found; SQL statement:
INSERT IGNORE INTO merchant (code, name) VALUES ('ALINE', 'Aline Financial') [42102-200]

test_getAccountById_returns_a_page_of_allAccounts  Time elapsed: 0 s  <<< ERROR!
java.lang.IllegalStateException: Failed to load ApplicationContext
Caused by: org.springframework.beans.factory.BeanCreationException: 
Error creating bean with name 'entityManagerFactory' defined in class path resource [org/springframework/boot/autoconfigure/orm/jpa/HibernateJpaConfiguration.class]: Initialization of bean failed; nested exception is org.springframework.jdbc.datasource.init.ScriptStatementFailedException: Failed to execute SQL script statement #3 of URL [file:/home/colton_c/aline/aline-account-microservice/core/target/classes/data.sql]: INSERT IGNORE INTO merchant (code, name) VALUES ('ALINE', 'Aline Financial'); nested exception is org.h2.jdbc.JdbcSQLSyntaxErrorException: Table "MERCHANT" not found; SQL statement:
INSERT IGNORE INTO merchant (code, name) VALUES ('ALINE', 'Aline Financial') [42102-200]
Caused by: org.springframework.jdbc.datasource.init.ScriptStatementFailedException: 
Failed to execute SQL script statement #3 of URL [file:/home/colton_c/aline/aline-account-microservice/core/target/classes/data.sql]: INSERT IGNORE INTO merchant (code, name) VALUES ('ALINE', 'Aline Financial'); nested exception is org.h2.jdbc.JdbcSQLSyntaxErrorException: Table "MERCHANT" not found; SQL statement:
INSERT IGNORE INTO merchant (code, name) VALUES ('ALINE', 'Aline Financial') [42102-200]
Caused by: org.h2.jdbc.JdbcSQLSyntaxErrorException: 
Table "MERCHANT" not found; SQL statement:
INSERT IGNORE INTO merchant (code, name) VALUES ('ALINE', 'Aline Financial') [42102-200]

