-------------------------------------------------------------------------------
Test set: com.aline.accountmicroservice.AccountsIntegrationTest
-------------------------------------------------------------------------------
Tests run: 3, Failures: 0, Errors: 3, Skipped: 0, Time elapsed: 4.814 s <<< FAILURE! - in com.aline.accountmicroservice.AccountsIntegrationTest
test_getAccountById_statusIsNotFound_when_account_doesNotExist  Time elapsed: 0 s  <<< ERROR!
java.lang.IllegalStateException: Failed to load ApplicationContext
Caused by: org.springframework.beans.factory.BeanCreationException: 
Error creating bean with name 'entityManagerFactory' defined in class path resource [org/springframework/boot/autoconfigure/orm/jpa/HibernateJpaConfiguration.class]: Initialization of bean failed; nested exception is org.springframework.jdbc.datasource.init.ScriptStatementFailedException: Failed to execute SQL script statement #3 of URL [file:/home/colton_c/aline/aline-account-microservice/core/target/classes/data.sql]: INSERT IGNORE INTO merchant (code, name) VALUES ('ALINE', 'Aline Financial'); nested exception is org.h2.jdbc.JdbcSQLSyntaxErrorException: Table "MERCHANT" not found; SQL statement:
INSERT IGNORE INTO merchant (code, name) VALUES ('ALINE', 'Aline Financial') [42102-200]
Caused by: org.springframework.jdbc.datasource.init.ScriptStatementFailedException: 
Failed to execute SQL script statement #3 of URL [file:/home/colton_c/aline/aline-account-microservice/core/target/classes/data.sql]: INSERT IGNORE INTO merchant (code, name) VALUES ('ALINE', 'Aline Financial'); nested exception is org.h2.jdbc.JdbcSQLSyntaxErrorException: Table "MERCHANT" not found; SQL statement:
INSERT IGNORE INTO merchant (code, name) VALUES ('ALINE', 'Aline Financial') [42102-200]
Caused by: org.h2.jdbc.JdbcSQLSyntaxErrorException: 
Table "MERCHANT" not found; SQL statement:
INSERT IGNORE INTO merchant (code, name) VALUES ('ALINE', 'Aline Financial') [42102-200]

test_getAccountsByMember_statusIsOk_when_accounts_exist  Time elapsed: 0 s  <<< ERROR!
java.lang.IllegalStateException: Failed to load ApplicationContext
Caused by: org.springframework.beans.factory.BeanCreationException: 
Error creating bean with name 'entityManagerFactory' defined in class path resource [org/springframework/boot/autoconfigure/orm/jpa/HibernateJpaConfiguration.class]: Initialization of bean failed; nested exception is org.springframework.jdbc.datasource.init.ScriptStatementFailedException: Failed to execute SQL script statement #3 of URL [file:/home/colton_c/aline/aline-account-microservice/core/target/classes/data.sql]: INSERT IGNORE INTO merchant (code, name) VALUES ('ALINE', 'Aline Financial'); nested exception is org.h2.jdbc.JdbcSQLSyntaxErrorException: Table "MERCHANT" not found; SQL statement:
INSERT IGNORE INTO merchant (code, name) VALUES ('ALINE', 'Aline Financial') [42102-200]
Caused by: org.springframework.jdbc.datasource.init.ScriptStatementFailedException: 
Failed to execute SQL script statement #3 of URL [file:/home/colton_c/aline/aline-account-microservice/core/target/classes/data.sql]: INSERT IGNORE INTO merchant (code, name) VALUES ('ALINE', 'Aline Financial'); nested exception is org.h2.jdbc.JdbcSQLSyntaxErrorException: Table "MERCHANT" not found; SQL statement:
INSERT IGNORE INTO merchant (code, name) VALUES ('ALINE', 'Aline Financial') [42102-200]
Caused by: org.h2.jdbc.JdbcSQLSyntaxErrorException: 
Table "MERCHANT" not found; SQL statement:
INSERT IGNORE INTO merchant (code, name) VALUES ('ALINE', 'Aline Financial') [42102-200]

test_getAccountById_statusIsOk_and_containsAllCorrectInformation  Time elapsed: 0 s  <<< ERROR!
java.lang.IllegalStateException: Failed to load ApplicationContext
Caused by: org.springframework.beans.factory.BeanCreationException: 
Error creating bean with name 'entityManagerFactory' defined in class path resource [org/springframework/boot/autoconfigure/orm/jpa/HibernateJpaConfiguration.class]: Initialization of bean failed; nested exception is org.springframework.jdbc.datasource.init.ScriptStatementFailedException: Failed to execute SQL script statement #3 of URL [file:/home/colton_c/aline/aline-account-microservice/core/target/classes/data.sql]: INSERT IGNORE INTO merchant (code, name) VALUES ('ALINE', 'Aline Financial'); nested exception is org.h2.jdbc.JdbcSQLSyntaxErrorException: Table "MERCHANT" not found; SQL statement:
INSERT IGNORE INTO merchant (code, name) VALUES ('ALINE', 'Aline Financial') [42102-200]
Caused by: org.springframework.jdbc.datasource.init.ScriptStatementFailedException: 
Failed to execute SQL script statement #3 of URL [file:/home/colton_c/aline/aline-account-microservice/core/target/classes/data.sql]: INSERT IGNORE INTO merchant (code, name) VALUES ('ALINE', 'Aline Financial'); nested exception is org.h2.jdbc.JdbcSQLSyntaxErrorException: Table "MERCHANT" not found; SQL statement:
INSERT IGNORE INTO merchant (code, name) VALUES ('ALINE', 'Aline Financial') [42102-200]
Caused by: org.h2.jdbc.JdbcSQLSyntaxErrorException: 
Table "MERCHANT" not found; SQL statement:
INSERT IGNORE INTO merchant (code, name) VALUES ('ALINE', 'Aline Financial') [42102-200]

